#! 
:ivl_version "13.0 (devel)" "(s20251012-92-gfe295c89f-dirty)";
:ivl_delay_selection "TYPICAL";
:vpi_time_precision + 0;
:vpi_module "C:\OSS-CA~1\lib\ivl\system.vpi";
:vpi_module "C:\OSS-CA~1\lib\ivl\vhdl_sys.vpi";
:vpi_module "C:\OSS-CA~1\lib\ivl\vhdl_textio.vpi";
:vpi_module "C:\OSS-CA~1\lib\ivl\v2005_math.vpi";
:vpi_module "C:\OSS-CA~1\lib\ivl\va_math.vpi";
S_00000234489433c0 .scope module, "top_module_tb" "top_module_tb" 2 1;
 .timescale 0 0;
v00000234489e3d40_0 .var "clk", 0 0;
v00000234489e3f20_0 .var "rst", 0 0;
S_0000023448943550 .scope module, "DUT" "top_module" 2 6, 3 1 0, S_00000234489433c0;
 .timescale 0 0;
    .port_info 0 /INPUT 1 "clk";
    .port_info 1 /INPUT 1 "rst";
L_00000234489f0238 .functor BUFT 1, C4<0>, C4<0>, C4<0>, C4<0>;
v00000234489e2da0_0 .net/2u *"_ivl_26", 0 0, L_00000234489f0238;  1 drivers
L_00000234489f0160 .functor BUFT 1, C4<0>, C4<0>, C4<0>, C4<0>;
v00000234489e3480_0 .net/2u *"_ivl_6", 0 0, L_00000234489f0160;  1 drivers
v00000234489e2ee0_0 .net "alu_control", 2 0, v00000234489e0750_0;  1 drivers
v00000234489e3de0_0 .net "alu_op", 1 0, v00000234489e0430_0;  1 drivers
v00000234489e2620_0 .net "alu_result", 31 0, v00000234489e0930_0;  1 drivers
v00000234489e2260_0 .net "alu_src", 0 0, v00000234489e0890_0;  1 drivers
v00000234489e3700_0 .net "clk", 0 0, v00000234489e3d40_0;  1 drivers
v00000234489e2800_0 .net "imm_ext", 31 0, v00000234489e16f0_0;  1 drivers
v00000234489e3980_0 .net "imm_src", 1 0, v00000234489e1150_0;  1 drivers
v00000234489e3a20_0 .net "instruction", 31 0, v00000234489e0f70_0;  1 drivers
v00000234489e2440_0 .net "mem_write", 0 0, v00000234489e02f0_0;  1 drivers
v00000234489e3160_0 .net "pc", 31 0, v00000234489e2120_0;  1 drivers
v00000234489e2300_0 .net "pc4", 31 0, L_00000234489e41d0;  1 drivers
v00000234489e3020_0 .net "pc_next", 31 0, v00000234489e1d30_0;  1 drivers
v00000234489e2f80_0 .net "pc_src", 0 0, v00000234489e0250_0;  1 drivers
v00000234489e35c0_0 .net "pc_target", 31 0, L_00000234489e5ad0;  1 drivers
v00000234489e30c0_0 .net "rd1", 31 0, v00000234489e2e40_0;  1 drivers
v00000234489e3200_0 .net "rd2", 31 0, v00000234489e3840_0;  1 drivers
v00000234489e3e80_0 .net "read_data", 31 0, L_0000023448982670;  1 drivers
v00000234489e3ac0_0 .net "reg_write", 0 0, v00000234489e0cf0_0;  1 drivers
v00000234489e33e0_0 .net "result", 31 0, v00000234489e2c60_0;  1 drivers
v00000234489e3660_0 .net "result_src", 1 0, v00000234489e0610_0;  1 drivers
v00000234489e3b60_0 .net "rst", 0 0, v00000234489e3f20_0;  1 drivers
v00000234489e3c00_0 .net "src_b", 31 0, v00000234489e1ab0_0;  1 drivers
v00000234489e3ca0_0 .net "zero", 0 0, L_00000234489e4db0;  1 drivers
L_00000234489e5850 .concat [ 1 1 0 0], v00000234489e0250_0, L_00000234489f0160;
L_00000234489e4bd0 .part v00000234489e0f70_0, 15, 5;
L_00000234489e43b0 .part v00000234489e0f70_0, 20, 5;
L_00000234489e5f30 .part v00000234489e0f70_0, 7, 5;
L_00000234489e4450 .part v00000234489e0f70_0, 0, 7;
L_00000234489e4a90 .part v00000234489e0f70_0, 12, 3;
L_00000234489e57b0 .part v00000234489e0f70_0, 30, 1;
L_00000234489e4130 .concat [ 1 1 0 0], v00000234489e0890_0, L_00000234489f0238;
S_00000234489436e0 .scope module, "DUT_ALU" "alu" 3 140, 4 1 0, S_0000023448943550;
 .timescale 0 0;
    .port_info 0 /INPUT 32 "a";
    .port_info 1 /INPUT 32 "b";
    .port_info 2 /INPUT 3 "alu_control";
    .port_info 3 /OUTPUT 32 "result";
    .port_info 4 /OUTPUT 1 "zero";
L_00000234489f0280 .functor BUFT 1, C4<00000000000000000000000000000000>, C4<0>, C4<0>, C4<0>;
v0000023448977e20_0 .net/2u *"_ivl_0", 31 0, L_00000234489f0280;  1 drivers
v00000234489e04d0_0 .net "a", 31 0, v00000234489e2e40_0;  alias, 1 drivers
v00000234489e07f0_0 .net "alu_control", 2 0, v00000234489e0750_0;  alias, 1 drivers
v00000234489e1f10_0 .net "b", 31 0, v00000234489e1ab0_0;  alias, 1 drivers
v00000234489e0930_0 .var "result", 31 0;
v00000234489e0a70_0 .net "zero", 0 0, L_00000234489e4db0;  alias, 1 drivers
E_0000023448983b20 .event anyedge, v00000234489e07f0_0, v00000234489e04d0_0, v00000234489e1f10_0;
L_00000234489e4db0 .cmp/eq 32, v00000234489e0930_0, L_00000234489f0280;
S_0000023448968b80 .scope module, "DUT_ALUCONTROL" "alu_control" 3 120, 5 1 0, S_0000023448943550;
 .timescale 0 0;
    .port_info 0 /INPUT 2 "alu_op";
    .port_info 1 /INPUT 3 "funct3";
    .port_info 2 /INPUT 1 "funct7";
    .port_info 3 /OUTPUT 3 "alu_control";
v00000234489e0750_0 .var "alu_control", 2 0;
v00000234489e0c50_0 .net "alu_op", 1 0, v00000234489e0430_0;  alias, 1 drivers
v00000234489e0390_0 .net "funct3", 2 0, L_00000234489e4a90;  1 drivers
v00000234489e0b10_0 .net "funct7", 0 0, L_00000234489e57b0;  1 drivers
E_00000234489830e0 .event anyedge, v00000234489e0c50_0, v00000234489e0390_0, v00000234489e0b10_0;
S_0000023448968d10 .scope module, "DUT_CONTROL" "control_unit" 3 105, 6 1 0, S_0000023448943550;
 .timescale 0 0;
    .port_info 0 /INPUT 7 "op";
    .port_info 1 /INPUT 1 "zero";
    .port_info 2 /OUTPUT 1 "pc_src";
    .port_info 3 /OUTPUT 1 "mem_write";
    .port_info 4 /OUTPUT 1 "alu_src";
    .port_info 5 /OUTPUT 1 "reg_write";
    .port_info 6 /OUTPUT 2 "result_src";
    .port_info 7 /OUTPUT 2 "imm_src";
    .port_info 8 /OUTPUT 2 "alu_op";
v00000234489e0430_0 .var "alu_op", 1 0;
v00000234489e0890_0 .var "alu_src", 0 0;
v00000234489e1150_0 .var "imm_src", 1 0;
v00000234489e02f0_0 .var "mem_write", 0 0;
v00000234489e0570_0 .net "op", 6 0, L_00000234489e4450;  1 drivers
v00000234489e0250_0 .var "pc_src", 0 0;
v00000234489e0cf0_0 .var "reg_write", 0 0;
v00000234489e0610_0 .var "result_src", 1 0;
v00000234489e06b0_0 .net "zero", 0 0, L_00000234489e4db0;  alias, 1 drivers
E_0000023448983d20 .event anyedge, v00000234489e0570_0, v00000234489e0a70_0;
S_0000023448968ea0 .scope module, "DUT_DATAMEM" "data_memory" 3 150, 7 1 0, S_0000023448943550;
 .timescale 0 0;
    .port_info 0 /INPUT 1 "clk";
    .port_info 1 /INPUT 1 "WE";
    .port_info 2 /INPUT 32 "A";
    .port_info 3 /INPUT 32 "WD";
    .port_info 4 /OUTPUT 32 "RD";
L_0000023448982670 .functor BUFZ 32, L_00000234489e4c70, C4<00000000000000000000000000000000>, C4<00000000000000000000000000000000>, C4<00000000000000000000000000000000>;
v00000234489e0d90_0 .net "A", 31 0, v00000234489e0930_0;  alias, 1 drivers
v00000234489e09d0_0 .net "RD", 31 0, L_0000023448982670;  alias, 1 drivers
v00000234489e1970_0 .net "WD", 31 0, v00000234489e3840_0;  alias, 1 drivers
v00000234489e1a10_0 .net "WE", 0 0, v00000234489e02f0_0;  alias, 1 drivers
v00000234489e0bb0_0 .net *"_ivl_0", 31 0, L_00000234489e4c70;  1 drivers
v00000234489e1010_0 .net *"_ivl_3", 29 0, L_00000234489e44f0;  1 drivers
v00000234489e0e30_0 .net "clk", 0 0, v00000234489e3d40_0;  alias, 1 drivers
v00000234489e0ed0 .array "data_mem", 255 0, 31 0;
E_00000234489830a0 .event posedge, v00000234489e0e30_0;
L_00000234489e4c70 .array/port v00000234489e0ed0, L_00000234489e44f0;
L_00000234489e44f0 .part v00000234489e0930_0, 2, 30;
S_00000234489629f0 .scope module, "DUT_IMEM" "instruction_memory" 3 46, 8 1 0, S_0000023448943550;
 .timescale 0 0;
    .port_info 0 /INPUT 1 "clk";
    .port_info 1 /INPUT 32 "A";
    .port_info 2 /OUTPUT 32 "RD";
v00000234489e0110_0 .net "A", 31 0, v00000234489e2120_0;  alias, 1 drivers
v00000234489e0f70_0 .var "RD", 31 0;
v00000234489e10b0_0 .net "clk", 0 0, v00000234489e3d40_0;  alias, 1 drivers
v00000234489e11f0 .array "instr_mem", 2 0, 31 0;
S_0000023448962b80 .scope module, "DUT_IMMGEN" "imm_gen" 3 97, 9 1 0, S_0000023448943550;
 .timescale 0 0;
    .port_info 0 /INPUT 32 "instruction";
    .port_info 1 /INPUT 2 "imm_src";
    .port_info 2 /OUTPUT 32 "imm_ext";
v00000234489e16f0_0 .var "imm_ext", 31 0;
v00000234489e1290_0 .net "imm_src", 1 0, v00000234489e1150_0;  alias, 1 drivers
v00000234489e1330_0 .net "instruction", 31 0, v00000234489e0f70_0;  alias, 1 drivers
E_00000234489832a0 .event anyedge, v00000234489e1150_0, v00000234489e0f70_0;
S_0000023448962d10 .scope module, "DUT_MUX_ALU_B" "multiplexor" 3 129, 10 1 0, S_0000023448943550;
 .timescale 0 0;
    .port_info 0 /INPUT 32 "A";
    .port_info 1 /INPUT 32 "B";
    .port_info 2 /INPUT 32 "C";
    .port_info 3 /INPUT 32 "D";
    .port_info 4 /INPUT 2 "Sel";
    .port_info 5 /OUTPUT 32 "Y";
v00000234489e1470_0 .net "A", 31 0, v00000234489e3840_0;  alias, 1 drivers
v00000234489e01b0_0 .net "B", 31 0, v00000234489e16f0_0;  alias, 1 drivers
L_00000234489f01a8 .functor BUFT 1, C4<00000000000000000000000000000000>, C4<0>, C4<0>, C4<0>;
v00000234489e1510_0 .net "C", 31 0, L_00000234489f01a8;  1 drivers
L_00000234489f01f0 .functor BUFT 1, C4<00000000000000000000000000000000>, C4<0>, C4<0>, C4<0>;
v00000234489e15b0_0 .net "D", 31 0, L_00000234489f01f0;  1 drivers
v00000234489e1650_0 .net "Sel", 1 0, L_00000234489e4130;  1 drivers
v00000234489e1ab0_0 .var "Y", 31 0;
E_0000023448983320/0 .event anyedge, v00000234489e1650_0, v00000234489e1970_0, v00000234489e16f0_0, v00000234489e1510_0;
E_0000023448983320/1 .event anyedge, v00000234489e15b0_0;
E_0000023448983320 .event/or E_0000023448983320/0, E_0000023448983320/1;
S_0000023448961a10 .scope module, "DUT_MUX_PC" "multiplexor" 3 70, 10 1 0, S_0000023448943550;
 .timescale 0 0;
    .port_info 0 /INPUT 32 "A";
    .port_info 1 /INPUT 32 "B";
    .port_info 2 /INPUT 32 "C";
    .port_info 3 /INPUT 32 "D";
    .port_info 4 /INPUT 2 "Sel";
    .port_info 5 /OUTPUT 32 "Y";
v00000234489e1830_0 .net "A", 31 0, L_00000234489e41d0;  alias, 1 drivers
v00000234489e18d0_0 .net "B", 31 0, L_00000234489e5ad0;  alias, 1 drivers
L_00000234489f00d0 .functor BUFT 1, C4<00000000000000000000000000000000>, C4<0>, C4<0>, C4<0>;
v00000234489e1b50_0 .net "C", 31 0, L_00000234489f00d0;  1 drivers
L_00000234489f0118 .functor BUFT 1, C4<00000000000000000000000000000000>, C4<0>, C4<0>, C4<0>;
v00000234489e1bf0_0 .net "D", 31 0, L_00000234489f0118;  1 drivers
v00000234489e1c90_0 .net "Sel", 1 0, L_00000234489e5850;  1 drivers
v00000234489e1d30_0 .var "Y", 31 0;
E_00000234489836e0/0 .event anyedge, v00000234489e1c90_0, v00000234489e1830_0, v00000234489e18d0_0, v00000234489e1b50_0;
E_00000234489836e0/1 .event anyedge, v00000234489e1bf0_0;
E_00000234489836e0 .event/or E_00000234489836e0/0, E_00000234489836e0/1;
S_0000023448961ba0 .scope module, "DUT_MUX_RESULT" "multiplexor" 3 160, 10 1 0, S_0000023448943550;
 .timescale 0 0;
    .port_info 0 /INPUT 32 "A";
    .port_info 1 /INPUT 32 "B";
    .port_info 2 /INPUT 32 "C";
    .port_info 3 /INPUT 32 "D";
    .port_info 4 /INPUT 2 "Sel";
    .port_info 5 /OUTPUT 32 "Y";
v00000234489e1e70_0 .net "A", 31 0, v00000234489e0930_0;  alias, 1 drivers
v00000234489e0070_0 .net "B", 31 0, L_0000023448982670;  alias, 1 drivers
v00000234489e21c0_0 .net "C", 31 0, L_00000234489e41d0;  alias, 1 drivers
L_00000234489f02c8 .functor BUFT 1, C4<00000000000000000000000000000000>, C4<0>, C4<0>, C4<0>;
v00000234489e3340_0 .net "D", 31 0, L_00000234489f02c8;  1 drivers
v00000234489e2760_0 .net "Sel", 1 0, v00000234489e0610_0;  alias, 1 drivers
v00000234489e2c60_0 .var "Y", 31 0;
E_00000234489834e0/0 .event anyedge, v00000234489e0610_0, v00000234489e0930_0, v00000234489e09d0_0, v00000234489e1830_0;
E_00000234489834e0/1 .event anyedge, v00000234489e3340_0;
E_00000234489834e0 .event/or E_00000234489834e0/0, E_00000234489834e0/1;
S_0000023448961d30 .scope module, "DUT_PC" "program_counter" 3 37, 11 1 0, S_0000023448943550;
 .timescale 0 0;
    .port_info 0 /INPUT 1 "clk";
    .port_info 1 /INPUT 1 "rst";
    .port_info 2 /INPUT 32 "pc_next";
    .port_info 3 /OUTPUT 32 "pc_out";
v00000234489e32a0_0 .net "clk", 0 0, v00000234489e3d40_0;  alias, 1 drivers
v00000234489e2940_0 .net "pc_next", 31 0, v00000234489e1d30_0;  alias, 1 drivers
v00000234489e2120_0 .var "pc_out", 31 0;
v00000234489e2bc0_0 .net "rst", 0 0, v00000234489e3f20_0;  alias, 1 drivers
E_0000023448983da0 .event posedge, v00000234489e2bc0_0, v00000234489e0e30_0;
S_000002344895d070 .scope module, "DUT_PC4" "adder" 3 54, 12 1 0, S_0000023448943550;
 .timescale 0 0;
    .port_info 0 /INPUT 32 "a";
    .port_info 1 /INPUT 32 "b";
    .port_info 2 /OUTPUT 32 "result";
v00000234489e23a0_0 .net "a", 31 0, v00000234489e2120_0;  alias, 1 drivers
L_00000234489f0088 .functor BUFT 1, C4<00000000000000000000000000000100>, C4<0>, C4<0>, C4<0>;
v00000234489e2b20_0 .net "b", 31 0, L_00000234489f0088;  1 drivers
v00000234489e2080_0 .net "result", 31 0, L_00000234489e41d0;  alias, 1 drivers
L_00000234489e41d0 .arith/sum 32, v00000234489e2120_0, L_00000234489f0088;
S_000002344895d200 .scope module, "DUT_PCTARGET" "adder" 3 62, 12 1 0, S_0000023448943550;
 .timescale 0 0;
    .port_info 0 /INPUT 32 "a";
    .port_info 1 /INPUT 32 "b";
    .port_info 2 /OUTPUT 32 "result";
v00000234489e2d00_0 .net "a", 31 0, v00000234489e2120_0;  alias, 1 drivers
v00000234489e29e0_0 .net "b", 31 0, v00000234489e16f0_0;  alias, 1 drivers
v00000234489e38e0_0 .net "result", 31 0, L_00000234489e5ad0;  alias, 1 drivers
L_00000234489e5ad0 .arith/sum 32, v00000234489e2120_0, v00000234489e16f0_0;
S_000002344895d390 .scope module, "DUT_REGFILE" "reg_file" 3 81, 13 1 0, S_0000023448943550;
 .timescale 0 0;
    .port_info 0 /INPUT 1 "clk";
    .port_info 1 /INPUT 1 "WE3";
    .port_info 2 /INPUT 5 "A1";
    .port_info 3 /INPUT 5 "A2";
    .port_info 4 /INPUT 5 "A3";
    .port_info 5 /INPUT 32 "WD3";
    .port_info 6 /OUTPUT 32 "RD1";
    .port_info 7 /OUTPUT 32 "RD2";
v00000234489e26c0_0 .net "A1", 4 0, L_00000234489e4bd0;  1 drivers
v00000234489e28a0_0 .net "A2", 4 0, L_00000234489e43b0;  1 drivers
v00000234489e3520_0 .net "A3", 4 0, L_00000234489e5f30;  1 drivers
v00000234489e2e40_0 .var "RD1", 31 0;
v00000234489e3840_0 .var "RD2", 31 0;
v00000234489e24e0 .array "REG", 0 31, 31 0;
v00000234489e2a80_0 .net "WD3", 31 0, v00000234489e2c60_0;  alias, 1 drivers
v00000234489e2580_0 .net "WE3", 0 0, v00000234489e0cf0_0;  alias, 1 drivers
v00000234489e37a0_0 .net "clk", 0 0, v00000234489e3d40_0;  alias, 1 drivers
v00000234489e24e0_0 .array/port v00000234489e24e0, 0;
v00000234489e24e0_1 .array/port v00000234489e24e0, 1;
v00000234489e24e0_2 .array/port v00000234489e24e0, 2;
E_0000023448982fe0/0 .event anyedge, v00000234489e26c0_0, v00000234489e24e0_0, v00000234489e24e0_1, v00000234489e24e0_2;
v00000234489e24e0_3 .array/port v00000234489e24e0, 3;
v00000234489e24e0_4 .array/port v00000234489e24e0, 4;
v00000234489e24e0_5 .array/port v00000234489e24e0, 5;
v00000234489e24e0_6 .array/port v00000234489e24e0, 6;
E_0000023448982fe0/1 .event anyedge, v00000234489e24e0_3, v00000234489e24e0_4, v00000234489e24e0_5, v00000234489e24e0_6;
v00000234489e24e0_7 .array/port v00000234489e24e0, 7;
v00000234489e24e0_8 .array/port v00000234489e24e0, 8;
v00000234489e24e0_9 .array/port v00000234489e24e0, 9;
v00000234489e24e0_10 .array/port v00000234489e24e0, 10;
E_0000023448982fe0/2 .event anyedge, v00000234489e24e0_7, v00000234489e24e0_8, v00000234489e24e0_9, v00000234489e24e0_10;
v00000234489e24e0_11 .array/port v00000234489e24e0, 11;
v00000234489e24e0_12 .array/port v00000234489e24e0, 12;
v00000234489e24e0_13 .array/port v00000234489e24e0, 13;
v00000234489e24e0_14 .array/port v00000234489e24e0, 14;
E_0000023448982fe0/3 .event anyedge, v00000234489e24e0_11, v00000234489e24e0_12, v00000234489e24e0_13, v00000234489e24e0_14;
v00000234489e24e0_15 .array/port v00000234489e24e0, 15;
v00000234489e24e0_16 .array/port v00000234489e24e0, 16;
v00000234489e24e0_17 .array/port v00000234489e24e0, 17;
v00000234489e24e0_18 .array/port v00000234489e24e0, 18;
E_0000023448982fe0/4 .event anyedge, v00000234489e24e0_15, v00000234489e24e0_16, v00000234489e24e0_17, v00000234489e24e0_18;
v00000234489e24e0_19 .array/port v00000234489e24e0, 19;
v00000234489e24e0_20 .array/port v00000234489e24e0, 20;
v00000234489e24e0_21 .array/port v00000234489e24e0, 21;
v00000234489e24e0_22 .array/port v00000234489e24e0, 22;
E_0000023448982fe0/5 .event anyedge, v00000234489e24e0_19, v00000234489e24e0_20, v00000234489e24e0_21, v00000234489e24e0_22;
v00000234489e24e0_23 .array/port v00000234489e24e0, 23;
v00000234489e24e0_24 .array/port v00000234489e24e0, 24;
v00000234489e24e0_25 .array/port v00000234489e24e0, 25;
v00000234489e24e0_26 .array/port v00000234489e24e0, 26;
E_0000023448982fe0/6 .event anyedge, v00000234489e24e0_23, v00000234489e24e0_24, v00000234489e24e0_25, v00000234489e24e0_26;
v00000234489e24e0_27 .array/port v00000234489e24e0, 27;
v00000234489e24e0_28 .array/port v00000234489e24e0, 28;
v00000234489e24e0_29 .array/port v00000234489e24e0, 29;
v00000234489e24e0_30 .array/port v00000234489e24e0, 30;
E_0000023448982fe0/7 .event anyedge, v00000234489e24e0_27, v00000234489e24e0_28, v00000234489e24e0_29, v00000234489e24e0_30;
v00000234489e24e0_31 .array/port v00000234489e24e0, 31;
E_0000023448982fe0/8 .event anyedge, v00000234489e24e0_31, v00000234489e28a0_0;
E_0000023448982fe0 .event/or E_0000023448982fe0/0, E_0000023448982fe0/1, E_0000023448982fe0/2, E_0000023448982fe0/3, E_0000023448982fe0/4, E_0000023448982fe0/5, E_0000023448982fe0/6, E_0000023448982fe0/7, E_0000023448982fe0/8;
    .scope S_0000023448961d30;
T_0 ;
    %wait E_0000023448983da0;
    %load/vec4 v00000234489e2bc0_0;
    %flag_set/vec4 8;
    %jmp/0xz  T_0.0, 8;
    %pushi/vec4 0, 0, 32;
    %assign/vec4 v00000234489e2120_0, 0;
    %jmp T_0.1;
T_0.0 ;
    %load/vec4 v00000234489e2940_0;
    %assign/vec4 v00000234489e2120_0, 0;
T_0.1 ;
    %jmp T_0;
    .thread T_0;
    .scope S_00000234489629f0;
T_1 ;
    %vpi_call 8 11 "$readmemh", "instrMem.hex", v00000234489e11f0 {0 0 0};
    %vpi_call 8 12 "$display", "instr_mem[0] = %h", &A<v00000234489e11f0, 0> {0 0 0};
    %vpi_call 8 13 "$display", "instr_mem[1] = %h", &A<v00000234489e11f0, 1> {0 0 0};
    %vpi_call 8 14 "$display", "instr_mem[2] = %h", &A<v00000234489e11f0, 2> {0 0 0};
    %end;
    .thread T_1;
    .scope S_00000234489629f0;
T_2 ;
    %wait E_00000234489830a0;
    %load/vec4 v00000234489e0110_0;
    %parti/s 30, 2, 3;
    %ix/vec4 4;
    %load/vec4a v00000234489e11f0, 4;
    %assign/vec4 v00000234489e0f70_0, 0;
    %jmp T_2;
    .thread T_2;
    .scope S_0000023448961a10;
T_3 ;
    %wait E_00000234489836e0;
    %load/vec4 v00000234489e1c90_0;
    %dup/vec4;
    %pushi/vec4 0, 0, 2;
    %cmp/u;
    %jmp/1 T_3.0, 6;
    %dup/vec4;
    %pushi/vec4 1, 0, 2;
    %cmp/u;
    %jmp/1 T_3.1, 6;
    %dup/vec4;
    %pushi/vec4 2, 0, 2;
    %cmp/u;
    %jmp/1 T_3.2, 6;
    %dup/vec4;
    %pushi/vec4 3, 0, 2;
    %cmp/u;
    %jmp/1 T_3.3, 6;
    %pushi/vec4 0, 0, 32;
    %store/vec4 v00000234489e1d30_0, 0, 32;
    %jmp T_3.5;
T_3.0 ;
    %load/vec4 v00000234489e1830_0;
    %store/vec4 v00000234489e1d30_0, 0, 32;
    %jmp T_3.5;
T_3.1 ;
    %load/vec4 v00000234489e18d0_0;
    %store/vec4 v00000234489e1d30_0, 0, 32;
    %jmp T_3.5;
T_3.2 ;
    %load/vec4 v00000234489e1b50_0;
    %store/vec4 v00000234489e1d30_0, 0, 32;
    %jmp T_3.5;
T_3.3 ;
    %load/vec4 v00000234489e1bf0_0;
    %store/vec4 v00000234489e1d30_0, 0, 32;
    %jmp T_3.5;
T_3.5 ;
    %pop/vec4 1;
    %jmp T_3;
    .thread T_3, $push;
    .scope S_000002344895d390;
T_4 ;
    %wait E_0000023448982fe0;
    %load/vec4 v00000234489e26c0_0;
    %pad/u 32;
    %cmpi/e 0, 0, 32;
    %jmp/0xz  T_4.0, 4;
    %pushi/vec4 0, 0, 32;
    %store/vec4 v00000234489e2e40_0, 0, 32;
    %jmp T_4.1;
T_4.0 ;
    %load/vec4 v00000234489e26c0_0;
    %pad/u 7;
    %ix/vec4 4;
    %load/vec4a v00000234489e24e0, 4;
    %store/vec4 v00000234489e2e40_0, 0, 32;
T_4.1 ;
    %load/vec4 v00000234489e28a0_0;
    %pad/u 32;
    %cmpi/e 0, 0, 32;
    %jmp/0xz  T_4.2, 4;
    %pushi/vec4 0, 0, 32;
    %store/vec4 v00000234489e3840_0, 0, 32;
    %jmp T_4.3;
T_4.2 ;
    %load/vec4 v00000234489e28a0_0;
    %pad/u 7;
    %ix/vec4 4;
    %load/vec4a v00000234489e24e0, 4;
    %store/vec4 v00000234489e3840_0, 0, 32;
T_4.3 ;
    %jmp T_4;
    .thread T_4, $push;
    .scope S_000002344895d390;
T_5 ;
    %wait E_00000234489830a0;
    %load/vec4 v00000234489e2580_0;
    %pad/u 32;
    %cmpi/e 1, 0, 32;
    %flag_get/vec4 4;
    %jmp/0 T_5.2, 4;
    %load/vec4 v00000234489e3520_0;
    %pad/u 32;
    %pushi/vec4 0, 0, 32;
    %cmp/ne;
    %flag_get/vec4 4;
    %and;
T_5.2;
    %flag_set/vec4 8;
    %jmp/0xz  T_5.0, 8;
    %load/vec4 v00000234489e2a80_0;
    %load/vec4 v00000234489e3520_0;
    %pad/u 7;
    %ix/vec4 3;
    %ix/load 4, 0, 0; Constant delay
    %assign/vec4/a/d v00000234489e24e0, 0, 4;
T_5.0 ;
    %jmp T_5;
    .thread T_5;
    .scope S_0000023448962b80;
T_6 ;
    %wait E_00000234489832a0;
    %load/vec4 v00000234489e1290_0;
    %dup/vec4;
    %pushi/vec4 0, 0, 2;
    %cmp/u;
    %jmp/1 T_6.0, 6;
    %dup/vec4;
    %pushi/vec4 1, 0, 2;
    %cmp/u;
    %jmp/1 T_6.1, 6;
    %dup/vec4;
    %pushi/vec4 2, 0, 2;
    %cmp/u;
    %jmp/1 T_6.2, 6;
    %dup/vec4;
    %pushi/vec4 3, 0, 2;
    %cmp/u;
    %jmp/1 T_6.3, 6;
    %pushi/vec4 0, 0, 32;
    %store/vec4 v00000234489e16f0_0, 0, 32;
    %jmp T_6.5;
T_6.0 ;
    %load/vec4 v00000234489e1330_0;
    %parti/s 1, 31, 6;
    %replicate 20;
    %load/vec4 v00000234489e1330_0;
    %parti/s 12, 20, 6;
    %concat/vec4; draw_concat_vec4
    %store/vec4 v00000234489e16f0_0, 0, 32;
    %jmp T_6.5;
T_6.1 ;
    %load/vec4 v00000234489e1330_0;
    %parti/s 1, 31, 6;
    %replicate 20;
    %load/vec4 v00000234489e1330_0;
    %parti/s 7, 25, 6;
    %concat/vec4; draw_concat_vec4
    %load/vec4 v00000234489e1330_0;
    %parti/s 5, 7, 4;
    %concat/vec4; draw_concat_vec4
    %store/vec4 v00000234489e16f0_0, 0, 32;
    %jmp T_6.5;
T_6.2 ;
    %load/vec4 v00000234489e1330_0;
    %parti/s 1, 31, 6;
    %replicate 20;
    %load/vec4 v00000234489e1330_0;
    %parti/s 1, 7, 4;
    %concat/vec4; draw_concat_vec4
    %load/vec4 v00000234489e1330_0;
    %parti/s 6, 25, 6;
    %concat/vec4; draw_concat_vec4
    %load/vec4 v00000234489e1330_0;
    %parti/s 4, 8, 5;
    %concat/vec4; draw_concat_vec4
    %concati/vec4 0, 0, 1;
    %store/vec4 v00000234489e16f0_0, 0, 32;
    %jmp T_6.5;
T_6.3 ;
    %load/vec4 v00000234489e1330_0;
    %parti/s 1, 31, 6;
    %replicate 12;
    %load/vec4 v00000234489e1330_0;
    %parti/s 8, 12, 5;
    %concat/vec4; draw_concat_vec4
    %load/vec4 v00000234489e1330_0;
    %parti/s 1, 20, 6;
    %concat/vec4; draw_concat_vec4
    %load/vec4 v00000234489e1330_0;
    %parti/s 10, 21, 6;
    %concat/vec4; draw_concat_vec4
    %concati/vec4 0, 0, 1;
    %store/vec4 v00000234489e16f0_0, 0, 32;
    %jmp T_6.5;
T_6.5 ;
    %pop/vec4 1;
    %jmp T_6;
    .thread T_6, $push;
    .scope S_0000023448968d10;
T_7 ;
    %wait E_0000023448983d20;
    %pushi/vec4 0, 0, 1;
    %store/vec4 v00000234489e0250_0, 0, 1;
    %pushi/vec4 0, 0, 1;
    %store/vec4 v00000234489e02f0_0, 0, 1;
    %pushi/vec4 0, 0, 1;
    %store/vec4 v00000234489e0890_0, 0, 1;
    %pushi/vec4 0, 0, 1;
    %store/vec4 v00000234489e0cf0_0, 0, 1;
    %pushi/vec4 0, 0, 2;
    %store/vec4 v00000234489e0610_0, 0, 2;
    %pushi/vec4 0, 0, 2;
    %store/vec4 v00000234489e1150_0, 0, 2;
    %pushi/vec4 0, 0, 2;
    %store/vec4 v00000234489e0430_0, 0, 2;
    %load/vec4 v00000234489e0570_0;
    %dup/vec4;
    %pushi/vec4 3, 0, 7;
    %cmp/u;
    %jmp/1 T_7.0, 6;
    %dup/vec4;
    %pushi/vec4 35, 0, 7;
    %cmp/u;
    %jmp/1 T_7.1, 6;
    %dup/vec4;
    %pushi/vec4 51, 0, 7;
    %cmp/u;
    %jmp/1 T_7.2, 6;
    %dup/vec4;
    %pushi/vec4 19, 0, 7;
    %cmp/u;
    %jmp/1 T_7.3, 6;
    %dup/vec4;
    %pushi/vec4 99, 0, 7;
    %cmp/u;
    %jmp/1 T_7.4, 6;
    %dup/vec4;
    %pushi/vec4 111, 0, 7;
    %cmp/u;
    %jmp/1 T_7.5, 6;
    %pushi/vec4 0, 0, 1;
    %store/vec4 v00000234489e0250_0, 0, 1;
    %pushi/vec4 0, 0, 1;
    %store/vec4 v00000234489e02f0_0, 0, 1;
    %pushi/vec4 0, 0, 1;
    %store/vec4 v00000234489e0890_0, 0, 1;
    %pushi/vec4 0, 0, 1;
    %store/vec4 v00000234489e0cf0_0, 0, 1;
    %pushi/vec4 0, 0, 2;
    %store/vec4 v00000234489e0610_0, 0, 2;
    %pushi/vec4 0, 0, 2;
    %store/vec4 v00000234489e1150_0, 0, 2;
    %pushi/vec4 0, 0, 2;
    %store/vec4 v00000234489e0430_0, 0, 2;
    %jmp T_7.7;
T_7.0 ;
    %pushi/vec4 1, 0, 1;
    %store/vec4 v00000234489e0cf0_0, 0, 1;
    %pushi/vec4 1, 0, 1;
    %store/vec4 v00000234489e0890_0, 0, 1;
    %pushi/vec4 1, 0, 2;
    %store/vec4 v00000234489e0610_0, 0, 2;
    %pushi/vec4 0, 0, 2;
    %store/vec4 v00000234489e1150_0, 0, 2;
    %pushi/vec4 0, 0, 2;
    %store/vec4 v00000234489e0430_0, 0, 2;
    %jmp T_7.7;
T_7.1 ;
    %pushi/vec4 1, 0, 1;
    %store/vec4 v00000234489e02f0_0, 0, 1;
    %pushi/vec4 1, 0, 1;
    %store/vec4 v00000234489e0890_0, 0, 1;
    %pushi/vec4 1, 0, 2;
    %store/vec4 v00000234489e1150_0, 0, 2;
    %pushi/vec4 0, 0, 2;
    %store/vec4 v00000234489e0430_0, 0, 2;
    %jmp T_7.7;
T_7.2 ;
    %pushi/vec4 1, 0, 1;
    %store/vec4 v00000234489e0cf0_0, 0, 1;
    %pushi/vec4 0, 0, 1;
    %store/vec4 v00000234489e0890_0, 0, 1;
    %pushi/vec4 0, 0, 2;
    %store/vec4 v00000234489e0610_0, 0, 2;
    %pushi/vec4 2, 0, 2;
    %store/vec4 v00000234489e0430_0, 0, 2;
    %jmp T_7.7;
T_7.3 ;
    %pushi/vec4 1, 0, 1;
    %store/vec4 v00000234489e0cf0_0, 0, 1;
    %pushi/vec4 1, 0, 1;
    %store/vec4 v00000234489e0890_0, 0, 1;
    %pushi/vec4 0, 0, 2;
    %store/vec4 v00000234489e0610_0, 0, 2;
    %pushi/vec4 0, 0, 2;
    %store/vec4 v00000234489e1150_0, 0, 2;
    %pushi/vec4 2, 0, 2;
    %store/vec4 v00000234489e0430_0, 0, 2;
    %jmp T_7.7;
T_7.4 ;
    %load/vec4 v00000234489e06b0_0;
    %store/vec4 v00000234489e0250_0, 0, 1;
    %pushi/vec4 0, 0, 1;
    %store/vec4 v00000234489e0890_0, 0, 1;
    %pushi/vec4 2, 0, 2;
    %store/vec4 v00000234489e1150_0, 0, 2;
    %pushi/vec4 1, 0, 2;
    %store/vec4 v00000234489e0430_0, 0, 2;
    %jmp T_7.7;
T_7.5 ;
    %pushi/vec4 1, 0, 1;
    %store/vec4 v00000234489e0250_0, 0, 1;
    %pushi/vec4 1, 0, 1;
    %store/vec4 v00000234489e0cf0_0, 0, 1;
    %pushi/vec4 2, 0, 2;
    %store/vec4 v00000234489e0610_0, 0, 2;
    %pushi/vec4 3, 0, 2;
    %store/vec4 v00000234489e1150_0, 0, 2;
    %pushi/vec4 0, 0, 2;
    %store/vec4 v00000234489e0430_0, 0, 2;
    %jmp T_7.7;
T_7.7 ;
    %pop/vec4 1;
    %jmp T_7;
    .thread T_7, $push;
    .scope S_0000023448968b80;
T_8 ;
    %wait E_00000234489830e0;
    %load/vec4 v00000234489e0c50_0;
    %dup/vec4;
    %pushi/vec4 0, 0, 2;
    %cmp/u;
    %jmp/1 T_8.0, 6;
    %dup/vec4;
    %pushi/vec4 1, 0, 2;
    %cmp/u;
    %jmp/1 T_8.1, 6;
    %dup/vec4;
    %pushi/vec4 2, 0, 2;
    %cmp/u;
    %jmp/1 T_8.2, 6;
    %pushi/vec4 0, 0, 3;
    %store/vec4 v00000234489e0750_0, 0, 3;
    %jmp T_8.4;
T_8.0 ;
    %pushi/vec4 0, 0, 3;
    %store/vec4 v00000234489e0750_0, 0, 3;
    %jmp T_8.4;
T_8.1 ;
    %pushi/vec4 1, 0, 3;
    %store/vec4 v00000234489e0750_0, 0, 3;
    %jmp T_8.4;
T_8.2 ;
    %load/vec4 v00000234489e0390_0;
    %dup/vec4;
    %pushi/vec4 0, 0, 3;
    %cmp/u;
    %jmp/1 T_8.5, 6;
    %dup/vec4;
    %pushi/vec4 7, 0, 3;
    %cmp/u;
    %jmp/1 T_8.6, 6;
    %dup/vec4;
    %pushi/vec4 6, 0, 3;
    %cmp/u;
    %jmp/1 T_8.7, 6;
    %dup/vec4;
    %pushi/vec4 2, 0, 3;
    %cmp/u;
    %jmp/1 T_8.8, 6;
    %pushi/vec4 0, 0, 3;
    %store/vec4 v00000234489e0750_0, 0, 3;
    %jmp T_8.10;
T_8.5 ;
    %load/vec4 v00000234489e0b10_0;
    %cmpi/e 0, 0, 1;
    %jmp/0xz  T_8.11, 4;
    %pushi/vec4 0, 0, 3;
    %store/vec4 v00000234489e0750_0, 0, 3;
    %jmp T_8.12;
T_8.11 ;
    %pushi/vec4 1, 0, 3;
    %store/vec4 v00000234489e0750_0, 0, 3;
T_8.12 ;
    %jmp T_8.10;
T_8.6 ;
    %pushi/vec4 2, 0, 3;
    %store/vec4 v00000234489e0750_0, 0, 3;
    %jmp T_8.10;
T_8.7 ;
    %pushi/vec4 3, 0, 3;
    %store/vec4 v00000234489e0750_0, 0, 3;
    %jmp T_8.10;
T_8.8 ;
    %pushi/vec4 5, 0, 3;
    %store/vec4 v00000234489e0750_0, 0, 3;
    %jmp T_8.10;
T_8.10 ;
    %pop/vec4 1;
    %jmp T_8.4;
T_8.4 ;
    %pop/vec4 1;
    %jmp T_8;
    .thread T_8, $push;
    .scope S_0000023448962d10;
T_9 ;
    %wait E_0000023448983320;
    %load/vec4 v00000234489e1650_0;
    %dup/vec4;
    %pushi/vec4 0, 0, 2;
    %cmp/u;
    %jmp/1 T_9.0, 6;
    %dup/vec4;
    %pushi/vec4 1, 0, 2;
    %cmp/u;
    %jmp/1 T_9.1, 6;
    %dup/vec4;
    %pushi/vec4 2, 0, 2;
    %cmp/u;
    %jmp/1 T_9.2, 6;
    %dup/vec4;
    %pushi/vec4 3, 0, 2;
    %cmp/u;
    %jmp/1 T_9.3, 6;
    %pushi/vec4 0, 0, 32;
    %store/vec4 v00000234489e1ab0_0, 0, 32;
    %jmp T_9.5;
T_9.0 ;
    %load/vec4 v00000234489e1470_0;
    %store/vec4 v00000234489e1ab0_0, 0, 32;
    %jmp T_9.5;
T_9.1 ;
    %load/vec4 v00000234489e01b0_0;
    %store/vec4 v00000234489e1ab0_0, 0, 32;
    %jmp T_9.5;
T_9.2 ;
    %load/vec4 v00000234489e1510_0;
    %store/vec4 v00000234489e1ab0_0, 0, 32;
    %jmp T_9.5;
T_9.3 ;
    %load/vec4 v00000234489e15b0_0;
    %store/vec4 v00000234489e1ab0_0, 0, 32;
    %jmp T_9.5;
T_9.5 ;
    %pop/vec4 1;
    %jmp T_9;
    .thread T_9, $push;
    .scope S_00000234489436e0;
T_10 ;
    %wait E_0000023448983b20;
    %load/vec4 v00000234489e07f0_0;
    %dup/vec4;
    %pushi/vec4 0, 0, 3;
    %cmp/u;
    %jmp/1 T_10.0, 6;
    %dup/vec4;
    %pushi/vec4 1, 0, 3;
    %cmp/u;
    %jmp/1 T_10.1, 6;
    %dup/vec4;
    %pushi/vec4 2, 0, 3;
    %cmp/u;
    %jmp/1 T_10.2, 6;
    %dup/vec4;
    %pushi/vec4 3, 0, 3;
    %cmp/u;
    %jmp/1 T_10.3, 6;
    %dup/vec4;
    %pushi/vec4 5, 0, 3;
    %cmp/u;
    %jmp/1 T_10.4, 6;
    %pushi/vec4 0, 0, 32;
    %store/vec4 v00000234489e0930_0, 0, 32;
    %jmp T_10.6;
T_10.0 ;
    %load/vec4 v00000234489e04d0_0;
    %load/vec4 v00000234489e1f10_0;
    %add;
    %store/vec4 v00000234489e0930_0, 0, 32;
    %jmp T_10.6;
T_10.1 ;
    %load/vec4 v00000234489e04d0_0;
    %load/vec4 v00000234489e1f10_0;
    %sub;
    %store/vec4 v00000234489e0930_0, 0, 32;
    %jmp T_10.6;
T_10.2 ;
    %load/vec4 v00000234489e04d0_0;
    %load/vec4 v00000234489e1f10_0;
    %and;
    %store/vec4 v00000234489e0930_0, 0, 32;
    %jmp T_10.6;
T_10.3 ;
    %load/vec4 v00000234489e04d0_0;
    %load/vec4 v00000234489e1f10_0;
    %or;
    %store/vec4 v00000234489e0930_0, 0, 32;
    %jmp T_10.6;
T_10.4 ;
    %load/vec4 v00000234489e04d0_0;
    %load/vec4 v00000234489e1f10_0;
    %cmp/u;
    %flag_mov 8, 5;
    %jmp/0 T_10.7, 8;
    %pushi/vec4 1, 0, 32;
    %jmp/1 T_10.8, 8;
T_10.7 ; End of true expr.
    %pushi/vec4 0, 0, 32;
    %jmp/0 T_10.8, 8;
 ; End of false expr.
    %blend;
T_10.8;
    %store/vec4 v00000234489e0930_0, 0, 32;
    %jmp T_10.6;
T_10.6 ;
    %pop/vec4 1;
    %jmp T_10;
    .thread T_10, $push;
    .scope S_0000023448968ea0;
T_11 ;
    %wait E_00000234489830a0;
    %load/vec4 v00000234489e1a10_0;
    %flag_set/vec4 8;
    %jmp/0xz  T_11.0, 8;
    %load/vec4 v00000234489e1970_0;
    %load/vec4 v00000234489e0d90_0;
    %parti/s 30, 2, 3;
    %ix/vec4 3;
    %ix/load 4, 0, 0; Constant delay
    %assign/vec4/a/d v00000234489e0ed0, 0, 4;
T_11.0 ;
    %jmp T_11;
    .thread T_11;
    .scope S_0000023448961ba0;
T_12 ;
    %wait E_00000234489834e0;
    %load/vec4 v00000234489e2760_0;
    %dup/vec4;
    %pushi/vec4 0, 0, 2;
    %cmp/u;
    %jmp/1 T_12.0, 6;
    %dup/vec4;
    %pushi/vec4 1, 0, 2;
    %cmp/u;
    %jmp/1 T_12.1, 6;
    %dup/vec4;
    %pushi/vec4 2, 0, 2;
    %cmp/u;
    %jmp/1 T_12.2, 6;
    %dup/vec4;
    %pushi/vec4 3, 0, 2;
    %cmp/u;
    %jmp/1 T_12.3, 6;
    %pushi/vec4 0, 0, 32;
    %store/vec4 v00000234489e2c60_0, 0, 32;
    %jmp T_12.5;
T_12.0 ;
    %load/vec4 v00000234489e1e70_0;
    %store/vec4 v00000234489e2c60_0, 0, 32;
    %jmp T_12.5;
T_12.1 ;
    %load/vec4 v00000234489e0070_0;
    %store/vec4 v00000234489e2c60_0, 0, 32;
    %jmp T_12.5;
T_12.2 ;
    %load/vec4 v00000234489e21c0_0;
    %store/vec4 v00000234489e2c60_0, 0, 32;
    %jmp T_12.5;
T_12.3 ;
    %load/vec4 v00000234489e3340_0;
    %store/vec4 v00000234489e2c60_0, 0, 32;
    %jmp T_12.5;
T_12.5 ;
    %pop/vec4 1;
    %jmp T_12;
    .thread T_12, $push;
    .scope S_00000234489433c0;
T_13 ;
    %pushi/vec4 0, 0, 1;
    %store/vec4 v00000234489e3d40_0, 0, 1;
T_13.0 ;
    %delay 5, 0;
    %load/vec4 v00000234489e3d40_0;
    %inv;
    %store/vec4 v00000234489e3d40_0, 0, 1;
    %jmp T_13.0;
T_13.1 ;
    %end;
    .thread T_13;
    .scope S_00000234489433c0;
T_14 ;
    %pushi/vec4 1, 0, 1;
    %store/vec4 v00000234489e3f20_0, 0, 1;
    %delay 20, 0;
    %pushi/vec4 0, 0, 1;
    %store/vec4 v00000234489e3f20_0, 0, 1;
    %delay 80, 0;
    %vpi_call 2 23 "$finish" {0 0 0};
    %end;
    .thread T_14;
    .scope S_00000234489433c0;
T_15 ;
    %vpi_call 2 27 "$dumpfile", "top_module_tb.vcd" {0 0 0};
    %vpi_call 2 28 "$dumpvars", 32'sb00000000000000000000000000000000, S_00000234489433c0 {0 0 0};
    %end;
    .thread T_15;
    .scope S_00000234489433c0;
T_16 ;
    %vpi_call 2 32 "$monitor", "PC=%h | INST=%h | ALU=%h | WD=%h | MEMWRITE=%b", v00000234489e3160_0, v00000234489e3a20_0, v00000234489e2620_0, v00000234489e3200_0, v00000234489e2440_0 {0 0 0};
    %end;
    .thread T_16;
# The file index is used to find the file name in the following table.
:file_names 14;
    "N/A";
    "<interactive>";
    "top_module_tb.v";
    "top_module.v";
    "alu.v";
    "alu_control.v";
    "control_unit.v";
    "data_memory.v";
    "instruccion_memory.v";
    "imm_gen.v";
    "multiplexor.v";
    "program_counter.v";
    "adder.v";
    "reg_file.v";
